生成启动时间为 7/9 星期四 11:38:40。
     1>项目“E:\projects\cocos2d-x-2.2.5\external\protobuf-2.5.0\vsprojects\libprotobuf.vcxproj”在节点 2 上(build 个目标)。
     1>InitializeBuildStatus:
         正在创建“Release\libprotobuf.unsuccessfulbuild”，因为已指定“AlwaysCreate”。
       ClCompile:
         D:\Program Files (x86)\Microsoft Visual Studio 10.0\VC\bin\CL.exe /c /I../src /I. /Zi /nologo /W3 /WX- /O2 /Oy- /D WIN32 /D NDEBUG /D _WINDOWS /D _USRDLL /D LIBPROTOBUF_EXPORTS /Gm- /EHsc /MD /GS /fp:precise /Zc:wchar_t /Zc:forScope /Fo"Release\\" /Fd"Release\vc100.pdb" /Gd /TP /analyze- /errorReport:prompt ..\src\google\protobuf\io\coded_stream.cc ..\src\google\protobuf\stubs\common.cc ..\src\google\protobuf\descriptor.cc ..\src\google\protobuf\descriptor.pb.cc ..\src\google\protobuf\descriptor_database.cc ..\src\google\protobuf\dynamic_message.cc ..\src\google\protobuf\extension_set.cc ..\src\google\protobuf\extension_set_heavy.cc ..\src\google\protobuf\generated_message_reflection.cc ..\src\google\protobuf\generated_message_util.cc ..\src\google\protobuf\io\gzip_stream.cc ..\src\google\protobuf\compiler\importer.cc ..\src\google\protobuf\message.cc ..\src\google\protobuf\message_lite.cc ..\src\google\protobuf\stubs\once.cc ..\src\google\protobuf\stubs\atomicops_internals_x86_msvc.cc ..\src\google\protobuf\compiler\parser.cc ..\src\google\protobuf\io\printer.cc ..\src\google\protobuf\reflection_ops.cc ..\src\google\protobuf\repeated_field.cc ..\src\google\protobuf\service.cc ..\src\google\protobuf\stubs\structurally_valid.cc ..\src\google\protobuf\stubs\strutil.cc ..\src\google\protobuf\stubs\substitute.cc ..\src\google\protobuf\text_format.cc ..\src\google\protobuf\io\tokenizer.cc ..\src\google\protobuf\unknown_field_set.cc ..\src\google\protobuf\wire_format.cc ..\src\google\protobuf\wire_format_lite.cc ..\src\google\protobuf\io\zero_copy_stream.cc ..\src\google\protobuf\io\zero_copy_stream_impl.cc ..\src\google\protobuf\io\zero_copy_stream_impl_lite.cc ..\src\google\protobuf\stubs\stringprintf.cc /wd4244 /wd4267 /wd4018 /wd4355 /wd4800 /wd4251 /wd4996 /wd4146 /wd4305 
         {{xgTaskID=00000005}}
         coded_stream.cc
         {{xgTaskID=00000000}}
         {{xgTaskID=00000006}}
         common.cc
         {{xgTaskID=00000000}}
         {{xgTaskID=0000000F}}
         gzip_stream.cc
         {{xgTaskID=00000000}}
         {{xgTaskID=0000000E}}
         generated_message_util.cc
         {{xgTaskID=00000000}}
         {{xgTaskID=0000000C}}
         extension_set_heavy.cc
         {{xgTaskID=00000000}}
         {{xgTaskID=0000000A}}
         dynamic_message.cc
         {{xgTaskID=00000000}}
         {{xgTaskID=00000012}}
         message_lite.cc
         {{xgTaskID=00000000}}
         {{xgTaskID=0000000B}}
         extension_set.cc
         {{xgTaskID=00000000}}
         {{xgTaskID=00000009}}
         descriptor_database.cc
         {{xgTaskID=00000000}}
         {{xgTaskID=0000000D}}
         generated_message_reflection.cc
         {{xgTaskID=00000000}}
         {{xgTaskID=00000013}}
         once.cc
         {{xgTaskID=00000000}}
         {{xgTaskID=00000010}}
         importer.cc
         {{xgTaskID=00000000}}
         {{xgTaskID=00000011}}
         message.cc
         {{xgTaskID=00000000}}
         {{xgTaskID=00000014}}
         atomicops_internals_x86_msvc.cc
         {{xgTaskID=00000000}}
         {{xgTaskID=00000008}}
         descriptor.pb.cc
         {{xgTaskID=00000000}}
         {{xgTaskID=00000016}}
         printer.cc
         {{xgTaskID=00000000}}
         {{xgTaskID=00000019}}
         service.cc
         {{xgTaskID=00000000}}
         {{xgTaskID=0000001B}}
         strutil.cc
         {{xgTaskID=00000000}}
         {{xgTaskID=00000017}}
         reflection_ops.cc
         {{xgTaskID=00000000}}
         {{xgTaskID=0000001A}}
         structurally_valid.cc
         {{xgTaskID=00000000}}
         {{xgTaskID=00000018}}
         repeated_field.cc
         {{xgTaskID=00000000}}
         {{xgTaskID=0000001C}}
         substitute.cc
         {{xgTaskID=00000000}}
         {{xgTaskID=0000001E}}
         tokenizer.cc
         {{xgTaskID=00000000}}
         {{xgTaskID=0000001F}}
         unknown_field_set.cc
         {{xgTaskID=00000000}}
         {{xgTaskID=00000022}}
         zero_copy_stream.cc
         {{xgTaskID=00000000}}
         {{xgTaskID=00000024}}
         zero_copy_stream_impl_lite.cc
         {{xgTaskID=00000000}}
         {{xgTaskID=00000020}}
         wire_format.cc
         {{xgTaskID=00000000}}
         {{xgTaskID=00000025}}
         stringprintf.cc
         {{xgTaskID=00000000}}
         {{xgTaskID=00000023}}
         zero_copy_stream_impl.cc
         {{xgTaskID=00000000}}
         {{xgTaskID=00000021}}
         wire_format_lite.cc
         {{xgTaskID=00000000}}
         {{xgTaskID=0000001D}}
         text_format.cc
         {{xgTaskID=00000000}}
         {{xgTaskID=00000015}}
         parser.cc
         {{xgTaskID=00000000}}
         {{xgTaskID=00000007}}
         descriptor.cc
         {{xgTaskID=00000000}}
       Lib:
         D:\Program Files (x86)\Microsoft Visual Studio 10.0\VC\bin\Lib.exe /OUT:"Release\libprotobuf.lib" /NOLOGO Release\coded_stream.obj
         Release\common.obj
         Release\descriptor.obj
         Release\descriptor.pb.obj
         Release\descriptor_database.obj
         Release\dynamic_message.obj
         Release\extension_set.obj
         Release\extension_set_heavy.obj
         Release\generated_message_reflection.obj
         Release\generated_message_util.obj
         Release\gzip_stream.obj
         Release\importer.obj
         Release\message.obj
         Release\message_lite.obj
         Release\once.obj
         Release\atomicops_internals_x86_msvc.obj
         Release\parser.obj
         Release\printer.obj
         Release\reflection_ops.obj
         Release\repeated_field.obj
         Release\service.obj
         Release\structurally_valid.obj
         Release\strutil.obj
         Release\substitute.obj
         Release\text_format.obj
         Release\tokenizer.obj
         Release\unknown_field_set.obj
         Release\wire_format.obj
         Release\wire_format_lite.obj
         Release\zero_copy_stream.obj
         Release\zero_copy_stream_impl.obj
         Release\zero_copy_stream_impl_lite.obj
         Release\stringprintf.obj
         {{xgTaskID=00000026}}
         
         {{xgTaskID=00000000}}
         libprotobuf.vcxproj -> E:\projects\cocos2d-x-2.2.5\external\protobuf-2.5.0\vsprojects\Release\libprotobuf.lib
       FinalizeBuildStatus:
         正在删除文件“Release\libprotobuf.unsuccessfulbuild”。
         正在对“Release\libprotobuf.lastbuildstate”执行 Touch 任务。
     1>已完成生成项目“E:\projects\cocos2d-x-2.2.5\external\protobuf-2.5.0\vsprojects\libprotobuf.vcxproj”(build 个目标)的操作。

生成成功。

已用时间 00:00:07.02
